2026-05-14 12:10:06,458 - INFO - Đã chọn: DOM | screen1.png | x=100
2026-05-14 12:10:06,460 - ERROR - ADB error: [WinError 2] The system cannot find the file specified
2026-05-14 12:10:06,460 - ERROR - Không có thiết bị ADB nào được kết nối.
2026-05-14 12:10:06,461 - ERROR - Không thể chọn thiết bị ADB
2026-05-14 12:10:49,858 - INFO - Đã chọn: DOM | screen1.png | x=100
2026-05-14 12:10:49,860 - ERROR - ADB error: [WinError 2] The system cannot find the file specified
2026-05-14 12:10:49,860 - ERROR - Không có thiết bị ADB nào được kết nối.
2026-05-14 12:10:49,860 - ERROR - Không thể chọn thiết bị ADB
2026-05-14 12:12:26,401 - INFO - Đã chọn: DOM | screen2.png | x=600
2026-05-14 12:12:26,404 - ERROR - ADB error: [WinError 2] The system cannot find the file specified
2026-05-14 12:12:26,404 - ERROR - Không có thiết bị ADB nào được kết nối.
2026-05-14 12:12:26,405 - ERROR - Không thể chọn thiết bị ADB
2026-05-14 12:12:32,008 - INFO - Đã chọn: DOM | screen2.png | x=600
2026-05-14 12:12:32,010 - ERROR - ADB error: [WinError 2] The system cannot find the file specified
2026-05-14 12:12:32,010 - ERROR - Không có thiết bị ADB nào được kết nối.
2026-05-14 12:12:32,011 - ERROR - Không thể chọn thiết bị ADB
2026-05-14 12:14:18,153 - INFO - Đã chọn: DOM | screen2.png | x=600
2026-05-14 12:14:18,154 - INFO - Sử dụng local ADB: D:\pythonadb\ADB\adb.exe
2026-05-14 12:14:18,203 - INFO - Thiết bị ADB đang kết nối:
2026-05-14 12:14:18,203 - INFO - 1. INAEIR8SSSGQONSC
2026-05-14 12:14:22,388 - INFO - Đã hủy chọn thiết bị.
2026-05-14 12:14:22,389 - ERROR - Không thể chọn thiết bị ADB
